app/build/intermediates/manifest_merge_blame_file/debug/processDebugMainManifest/manifest-merger-blame-debug-report.txt
1<?xml version="1.0" encoding="utf-8"?>
2<manifest xmlns:android="http://schemas.android.com/apk/res/android"
3    package="cl.nexo.empresas"
4    android:versionCode="1"
5    android:versionName="1.0.0" >
6
7    <uses-sdk
8        android:minSdkVersion="26"
9        android:targetSdkVersion="35" />
10
11    <uses-permission android:name="android.permission.INTERNET" />
11-->src\main\AndroidManifest.xml:4:5-67
11-->src\main\AndroidManifest.xml:4:22-64
12    <uses-permission android:name="android.permission.POST_NOTIFICATIONS" />
12-->src\main\AndroidManifest.xml:5:5-77
12-->src\main\AndroidManifest.xml:5:22-74
13    <uses-permission android:name="android.permission.CAMERA" />
13-->src\main\AndroidManifest.xml:6:5-65
13-->src\main\AndroidManifest.xml:6:22-62
14
15    <uses-feature
15-->src\main\AndroidManifest.xml:7:5-9:36
16        android:name="android.hardware.camera"
16-->src\main\AndroidManifest.xml:8:9-47
17        android:required="false" />
17-->src\main\AndroidManifest.xml:9:9-33
18
19    <uses-permission android:name="android.permission.WAKE_LOCK" />
19-->[androidx.work:work-runtime:2.9.1] AndroidManifest.xml:23:5-68
19-->[androidx.work:work-runtime:2.9.1] AndroidManifest.xml:23:22-65
20    <uses-permission android:name="android.permission.ACCESS_NETWORK_STATE" />
20-->[androidx.work:work-runtime:2.9.1] AndroidManifest.xml:24:5-79
20-->[androidx.work:work-runtime:2.9.1] AndroidManifest.xml:24:22-76
21    <uses-permission android:name="android.permission.RECEIVE_BOOT_COMPLETED" />
21-->[androidx.work:work-runtime:2.9.1] AndroidManifest.xml:25:5-81
21-->[androidx.work:work-runtime:2.9.1] AndroidManifest.xml:25:22-78
22    <uses-permission android:name="android.permission.FOREGROUND_SERVICE" /> <!-- Required by older versions of Google Play services to create IID tokens -->
22-->[androidx.work:work-runtime:2.9.1] AndroidManifest.xml:26:5-77
22-->[androidx.work:work-runtime:2.9.1] AndroidManifest.xml:26:22-74
23    <uses-permission android:name="com.google.android.c2dm.permission.RECEIVE" />
23-->[com.google.firebase:firebase-messaging:24.1.0] AndroidManifest.xml:26:5-82
23-->[com.google.firebase:firebase-messaging:24.1.0] AndroidManifest.xml:26:22-79
24
25    <permission
25-->[androidx.core:core:1.15.0] AndroidManifest.xml:22:5-24:47
26        android:name="cl.nexo.empresas.DYNAMIC_RECEIVER_NOT_EXPORTED_PERMISSION"
26-->[androidx.core:core:1.15.0] AndroidManifest.xml:23:9-81
27        android:protectionLevel="signature" />
27-->[androidx.core:core:1.15.0] AndroidManifest.xml:24:9-44
28
29    <uses-permission android:name="cl.nexo.empresas.DYNAMIC_RECEIVER_NOT_EXPORTED_PERMISSION" />
29-->[androidx.core:core:1.15.0] AndroidManifest.xml:26:5-97
29-->[androidx.core:core:1.15.0] AndroidManifest.xml:26:22-94
30
31    <application
31-->src\main\AndroidManifest.xml:11:5-48:19
32        android:name="cl.nexo.empresas.NexoEmpresasApp"
32-->src\main\AndroidManifest.xml:12:9-40
33        android:allowBackup="true"
33-->src\main\AndroidManifest.xml:13:9-35
34        android:appComponentFactory="androidx.core.app.CoreComponentFactory"
34-->[androidx.core:core:1.15.0] AndroidManifest.xml:28:18-86
35        android:debuggable="true"
36        android:extractNativeLibs="false"
37        android:icon="@mipmap/ic_launcher"
37-->src\main\AndroidManifest.xml:14:9-43
38        android:label="NexoEmpresas"
38-->src\main\AndroidManifest.xml:15:9-37
39        android:theme="@style/Theme.NexoEmpresas"
39-->src\main\AndroidManifest.xml:16:9-50
40        android:usesCleartextTraffic="false" >
40-->src\main\AndroidManifest.xml:17:9-45
41        <activity
41-->src\main\AndroidManifest.xml:19:9-27:20
42            android:name="cl.nexo.empresas.MainActivity"
42-->src\main\AndroidManifest.xml:20:13-41
43            android:exported="true"
43-->src\main\AndroidManifest.xml:21:13-36
44            android:windowSoftInputMode="adjustResize" >
44-->src\main\AndroidManifest.xml:22:13-55
45            <intent-filter>
45-->src\main\AndroidManifest.xml:23:13-26:29
46                <action android:name="android.intent.action.MAIN" />
46-->src\main\AndroidManifest.xml:24:17-69
46-->src\main\AndroidManifest.xml:24:25-66
47
48                <category android:name="android.intent.category.LAUNCHER" />
48-->src\main\AndroidManifest.xml:25:17-77
48-->src\main\AndroidManifest.xml:25:27-74
49            </intent-filter>
50        </activity>
51
52        <!-- Firebase Cloud Messaging -->
53        <service
53-->src\main\AndroidManifest.xml:30:9-36:19
54            android:name="cl.nexo.empresas.core.service.NexoFcmService"
54-->src\main\AndroidManifest.xml:31:13-56
55            android:exported="false" >
55-->src\main\AndroidManifest.xml:32:13-37
56            <intent-filter>
56-->src\main\AndroidManifest.xml:33:13-35:29
57                <action android:name="com.google.firebase.MESSAGING_EVENT" />
57-->src\main\AndroidManifest.xml:34:17-78
57-->src\main\AndroidManifest.xml:34:25-75
58            </intent-filter>
59        </service>
60
61        <!-- Canal de notificaciones por defecto -->
62        <meta-data
62-->src\main\AndroidManifest.xml:39:9-41:49
63            android:name="com.google.firebase.messaging.default_notification_channel_id"
63-->src\main\AndroidManifest.xml:40:13-89
64            android:value="nexo_vencimientos" />
64-->src\main\AndroidManifest.xml:41:13-46
65
66        <!-- Icono por defecto para notificaciones FCM -->
67        <meta-data
67-->src\main\AndroidManifest.xml:44:9-46:60
68            android:name="com.google.firebase.messaging.default_notification_icon"
68-->src\main\AndroidManifest.xml:45:13-83
69            android:resource="@drawable/ic_notification" />
69-->src\main\AndroidManifest.xml:46:13-57
70
71        <!--
72        Service for holding metadata. Cannot be instantiated.
73        Metadata will be merged from other manifests.
74        -->
75        <service
75-->[androidx.camera:camera-core:1.4.1] AndroidManifest.xml:29:9-33:78
76            android:name="androidx.camera.core.impl.MetadataHolderService"
76-->[androidx.camera:camera-core:1.4.1] AndroidManifest.xml:30:13-75
77            android:enabled="false"
77-->[androidx.camera:camera-core:1.4.1] AndroidManifest.xml:31:13-36
78            android:exported="false" >
78-->[androidx.camera:camera-core:1.4.1] AndroidManifest.xml:32:13-37
79            <meta-data
79-->[androidx.camera:camera-camera2:1.4.1] AndroidManifest.xml:30:13-32:89
80                android:name="androidx.camera.core.impl.MetadataHolderService.DEFAULT_CONFIG_PROVIDER"
80-->[androidx.camera:camera-camera2:1.4.1] AndroidManifest.xml:31:17-103
81                android:value="androidx.camera.camera2.Camera2Config$DefaultProvider" />
81-->[androidx.camera:camera-camera2:1.4.1] AndroidManifest.xml:32:17-86
82        </service>
83
84        <provider
84-->[androidx.work:work-runtime:2.9.1] AndroidManifest.xml:29:9-37:20
85            android:name="androidx.startup.InitializationProvider"
85-->[androidx.work:work-runtime:2.9.1] AndroidManifest.xml:30:13-67
86            android:authorities="cl.nexo.empresas.androidx-startup"
86-->[androidx.work:work-runtime:2.9.1] AndroidManifest.xml:31:13-68
87            android:exported="false" >
87-->[androidx.work:work-runtime:2.9.1] AndroidManifest.xml:32:13-37
88            <meta-data
88-->[androidx.work:work-runtime:2.9.1] AndroidManifest.xml:34:13-36:52
89                android:name="androidx.work.WorkManagerInitializer"
89-->[androidx.work:work-runtime:2.9.1] AndroidManifest.xml:35:17-68
90                android:value="androidx.startup" />
90-->[androidx.work:work-runtime:2.9.1] AndroidManifest.xml:36:17-49
91            <meta-data
91-->[io.github.jan-tennert.supabase:storage-kt-android:3.3.0] AndroidManifest.xml:14:13-16:52
92                android:name="io.github.jan.supabase.storage.SupabaseInitializer"
92-->[io.github.jan-tennert.supabase:storage-kt-android:3.3.0] AndroidManifest.xml:15:17-82
93                android:value="androidx.startup" />
93-->[io.github.jan-tennert.supabase:storage-kt-android:3.3.0] AndroidManifest.xml:16:17-49
94            <meta-data
94-->[io.github.jan-tennert.supabase:auth-kt-android:3.3.0] AndroidManifest.xml:14:13-16:52
95                android:name="io.github.jan.supabase.auth.SupabaseInitializer"
95-->[io.github.jan-tennert.supabase:auth-kt-android:3.3.0] AndroidManifest.xml:15:17-79
96                android:value="androidx.startup" />
96-->[io.github.jan-tennert.supabase:auth-kt-android:3.3.0] AndroidManifest.xml:16:17-49
97            <meta-data
97-->[androidx.emoji2:emoji2:1.4.0] AndroidManifest.xml:29:13-31:52
98                android:name="androidx.emoji2.text.EmojiCompatInitializer"
98-->[androidx.emoji2:emoji2:1.4.0] AndroidManifest.xml:30:17-75
99                android:value="androidx.startup" />
99-->[androidx.emoji2:emoji2:1.4.0] AndroidManifest.xml:31:17-49
100            <meta-data
100-->[androidx.lifecycle:lifecycle-process:2.10.0] AndroidManifest.xml:29:13-31:52
101                android:name="androidx.lifecycle.ProcessLifecycleInitializer"
101-->[androidx.lifecycle:lifecycle-process:2.10.0] AndroidManifest.xml:30:17-78
102                android:value="androidx.startup" />
102-->[androidx.lifecycle:lifecycle-process:2.10.0] AndroidManifest.xml:31:17-49
103            <meta-data
103-->[com.russhwolf:multiplatform-settings-no-arg-android-debug:1.3.0] AndroidManifest.xml:29:13-31:52
104                android:name="com.russhwolf.settings.SettingsInitializer"
104-->[com.russhwolf:multiplatform-settings-no-arg-android-debug:1.3.0] AndroidManifest.xml:30:17-74
105                android:value="androidx.startup" />
105-->[com.russhwolf:multiplatform-settings-no-arg-android-debug:1.3.0] AndroidManifest.xml:31:17-49
106            <meta-data
106-->[androidx.profileinstaller:profileinstaller:1.4.0] AndroidManifest.xml:29:13-31:52
107                android:name="androidx.profileinstaller.ProfileInstallerInitializer"
107-->[androidx.profileinstaller:profileinstaller:1.4.0] AndroidManifest.xml:30:17-85
108                android:value="androidx.startup" />
108-->[androidx.profileinstaller:profileinstaller:1.4.0] AndroidManifest.xml:31:17-49
109        </provider>
110
111        <service
111-->[androidx.work:work-runtime:2.9.1] AndroidManifest.xml:39:9-45:35
112            android:name="androidx.work.impl.background.systemalarm.SystemAlarmService"
112-->[androidx.work:work-runtime:2.9.1] AndroidManifest.xml:40:13-88
113            android:directBootAware="false"
113-->[androidx.work:work-runtime:2.9.1] AndroidManifest.xml:41:13-44
114            android:enabled="@bool/enable_system_alarm_service_default"
114-->[androidx.work:work-runtime:2.9.1] AndroidManifest.xml:42:13-72
115            android:exported="false" />
115-->[androidx.work:work-runtime:2.9.1] AndroidManifest.xml:43:13-37
116        <service
116-->[androidx.work:work-runtime:2.9.1] AndroidManifest.xml:46:9-52:35
117            android:name="androidx.work.impl.background.systemjob.SystemJobService"
117-->[androidx.work:work-runtime:2.9.1] AndroidManifest.xml:47:13-84
118            android:directBootAware="false"
118-->[androidx.work:work-runtime:2.9.1] AndroidManifest.xml:48:13-44
119            android:enabled="@bool/enable_system_job_service_default"
119-->[androidx.work:work-runtime:2.9.1] AndroidManifest.xml:49:13-70
120            android:exported="true"
120-->[androidx.work:work-runtime:2.9.1] AndroidManifest.xml:50:13-36
121            android:permission="android.permission.BIND_JOB_SERVICE" />
121-->[androidx.work:work-runtime:2.9.1] AndroidManifest.xml:51:13-69
122        <service
122-->[androidx.work:work-runtime:2.9.1] AndroidManifest.xml:53:9-59:35
123            android:name="androidx.work.impl.foreground.SystemForegroundService"
123-->[androidx.work:work-runtime:2.9.1] AndroidManifest.xml:54:13-81
124            android:directBootAware="false"
124-->[androidx.work:work-runtime:2.9.1] AndroidManifest.xml:55:13-44
125            android:enabled="@bool/enable_system_foreground_service_default"
125-->[androidx.work:work-runtime:2.9.1] AndroidManifest.xml:56:13-77
126            android:exported="false" />
126-->[androidx.work:work-runtime:2.9.1] AndroidManifest.xml:57:13-37
127
128        <receiver
128-->[androidx.work:work-runtime:2.9.1] AndroidManifest.xml:61:9-66:35
129            android:name="androidx.work.impl.utils.ForceStopRunnable$BroadcastReceiver"
129-->[androidx.work:work-runtime:2.9.1] AndroidManifest.xml:62:13-88
130            android:directBootAware="false"
130-->[androidx.work:work-runtime:2.9.1] AndroidManifest.xml:63:13-44
131            android:enabled="true"
131-->[androidx.work:work-runtime:2.9.1] AndroidManifest.xml:64:13-35
132            android:exported="false" />
132-->[androidx.work:work-runtime:2.9.1] AndroidManifest.xml:65:13-37
133        <receiver
133-->[androidx.work:work-runtime:2.9.1] AndroidManifest.xml:67:9-77:20
134            android:name="androidx.work.impl.background.systemalarm.ConstraintProxy$BatteryChargingProxy"
134-->[androidx.work:work-runtime:2.9.1] AndroidManifest.xml:68:13-106
135            android:directBootAware="false"
135-->[androidx.work:work-runtime:2.9.1] AndroidManifest.xml:69:13-44
136            android:enabled="false"
136-->[androidx.work:work-runtime:2.9.1] AndroidManifest.xml:70:13-36
137            android:exported="false" >
137-->[androidx.work:work-runtime:2.9.1] AndroidManifest.xml:71:13-37
138            <intent-filter>
138-->[androidx.work:work-runtime:2.9.1] AndroidManifest.xml:73:13-76:29
139                <action android:name="android.intent.action.ACTION_POWER_CONNECTED" />
139-->[androidx.work:work-runtime:2.9.1] AndroidManifest.xml:74:17-87
139-->[androidx.work:work-runtime:2.9.1] AndroidManifest.xml:74:25-84
140                <action android:name="android.intent.action.ACTION_POWER_DISCONNECTED" />
140-->[androidx.work:work-runtime:2.9.1] AndroidManifest.xml:75:17-90
140-->[androidx.work:work-runtime:2.9.1] AndroidManifest.xml:75:25-87
141            </intent-filter>
142        </receiver>
143        <receiver
143-->[androidx.work:work-runtime:2.9.1] AndroidManifest.xml:78:9-88:20
144            android:name="androidx.work.impl.background.systemalarm.ConstraintProxy$BatteryNotLowProxy"
144-->[androidx.work:work-runtime:2.9.1] AndroidManifest.xml:79:13-104
145            android:directBootAware="false"
145-->[androidx.work:work-runtime:2.9.1] AndroidManifest.xml:80:13-44
146            android:enabled="false"
146-->[androidx.work:work-runtime:2.9.1] AndroidManifest.xml:81:13-36
147            android:exported="false" >
147-->[androidx.work:work-runtime:2.9.1] AndroidManifest.xml:82:13-37
148            <intent-filter>
148-->[androidx.work:work-runtime:2.9.1] AndroidManifest.xml:84:13-87:29
149                <action android:name="android.intent.action.BATTERY_OKAY" />
149-->[androidx.work:work-runtime:2.9.1] AndroidManifest.xml:85:17-77
149-->[androidx.work:work-runtime:2.9.1] AndroidManifest.xml:85:25-74
150                <action android:name="android.intent.action.BATTERY_LOW" />
150-->[androidx.work:work-runtime:2.9.1] AndroidManifest.xml:86:17-76
150-->[androidx.work:work-runtime:2.9.1] AndroidManifest.xml:86:25-73
151            </intent-filter>
152        </receiver>
153        <receiver
153-->[androidx.work:work-runtime:2.9.1] AndroidManifest.xml:89:9-99:20
154            android:name="androidx.work.impl.background.systemalarm.ConstraintProxy$StorageNotLowProxy"
154-->[androidx.work:work-runtime:2.9.1] AndroidManifest.xml:90:13-104
155            android:directBootAware="false"
155-->[androidx.work:work-runtime:2.9.1] AndroidManifest.xml:91:13-44
156            android:enabled="false"
156-->[androidx.work:work-runtime:2.9.1] AndroidManifest.xml:92:13-36
157            android:exported="false" >
157-->[androidx.work:work-runtime:2.9.1] AndroidManifest.xml:93:13-37
158            <intent-filter>
158-->[androidx.work:work-runtime:2.9.1] AndroidManifest.xml:95:13-98:29
159                <action android:name="android.intent.action.DEVICE_STORAGE_LOW" />
159-->[androidx.work:work-runtime:2.9.1] AndroidManifest.xml:96:17-83
159-->[androidx.work:work-runtime:2.9.1] AndroidManifest.xml:96:25-80
160                <action android:name="android.intent.action.DEVICE_STORAGE_OK" />
160-->[androidx.work:work-runtime:2.9.1] AndroidManifest.xml:97:17-82
160-->[androidx.work:work-runtime:2.9.1] AndroidManifest.xml:97:25-79
161            </intent-filter>
162        </receiver>
163        <receiver
163-->[androidx.work:work-runtime:2.9.1] AndroidManifest.xml:100:9-109:20
164            android:name="androidx.work.impl.background.systemalarm.ConstraintProxy$NetworkStateProxy"
164-->[androidx.work:work-runtime:2.9.1] AndroidManifest.xml:101:13-103
165            android:directBootAware="false"
165-->[androidx.work:work-runtime:2.9.1] AndroidManifest.xml:102:13-44
166            android:enabled="false"
166-->[androidx.work:work-runtime:2.9.1] AndroidManifest.xml:103:13-36
167            android:exported="false" >
167-->[androidx.work:work-runtime:2.9.1] AndroidManifest.xml:104:13-37
168            <intent-filter>
168-->[androidx.work:work-runtime:2.9.1] AndroidManifest.xml:106:13-108:29
169                <action android:name="android.net.conn.CONNECTIVITY_CHANGE" />
169-->[androidx.work:work-runtime:2.9.1] AndroidManifest.xml:107:17-79
169-->[androidx.work:work-runtime:2.9.1] AndroidManifest.xml:107:25-76
170            </intent-filter>
171        </receiver>
172        <receiver
172-->[androidx.work:work-runtime:2.9.1] AndroidManifest.xml:110:9-121:20
173            android:name="androidx.work.impl.background.systemalarm.RescheduleReceiver"
173-->[androidx.work:work-runtime:2.9.1] AndroidManifest.xml:111:13-88
174            android:directBootAware="false"
174-->[androidx.work:work-runtime:2.9.1] AndroidManifest.xml:112:13-44
175            android:enabled="false"
175-->[androidx.work:work-runtime:2.9.1] AndroidManifest.xml:113:13-36
176            android:exported="false" >
176-->[androidx.work:work-runtime:2.9.1] AndroidManifest.xml:114:13-37
177            <intent-filter>
177-->[androidx.work:work-runtime:2.9.1] AndroidManifest.xml:116:13-120:29
178                <action android:name="android.intent.action.BOOT_COMPLETED" />
178-->[androidx.work:work-runtime:2.9.1] AndroidManifest.xml:117:17-79
178-->[androidx.work:work-runtime:2.9.1] AndroidManifest.xml:117:25-76
179                <action android:name="android.intent.action.TIME_SET" />
179-->[androidx.work:work-runtime:2.9.1] AndroidManifest.xml:118:17-73
179-->[androidx.work:work-runtime:2.9.1] AndroidManifest.xml:118:25-70
180                <action android:name="android.intent.action.TIMEZONE_CHANGED" />
180-->[androidx.work:work-runtime:2.9.1] AndroidManifest.xml:119:17-81
180-->[androidx.work:work-runtime:2.9.1] AndroidManifest.xml:119:25-78
181            </intent-filter>
182        </receiver>
183        <receiver
183-->[androidx.work:work-runtime:2.9.1] AndroidManifest.xml:122:9-131:20
184            android:name="androidx.work.impl.background.systemalarm.ConstraintProxyUpdateReceiver"
184-->[androidx.work:work-runtime:2.9.1] AndroidManifest.xml:123:13-99
185            android:directBootAware="false"
185-->[androidx.work:work-runtime:2.9.1] AndroidManifest.xml:124:13-44
186            android:enabled="@bool/enable_system_alarm_service_default"
186-->[androidx.work:work-runtime:2.9.1] AndroidManifest.xml:125:13-72
187            android:exported="false" >
187-->[androidx.work:work-runtime:2.9.1] AndroidManifest.xml:126:13-37
188            <intent-filter>
188-->[androidx.work:work-runtime:2.9.1] AndroidManifest.xml:128:13-130:29
189                <action android:name="androidx.work.impl.background.systemalarm.UpdateProxies" />
189-->[androidx.work:work-runtime:2.9.1] AndroidManifest.xml:129:17-98
189-->[androidx.work:work-runtime:2.9.1] AndroidManifest.xml:129:25-95
190            </intent-filter>
191        </receiver>
192        <receiver
192-->[androidx.work:work-runtime:2.9.1] AndroidManifest.xml:132:9-142:20
193            android:name="androidx.work.impl.diagnostics.DiagnosticsReceiver"
193-->[androidx.work:work-runtime:2.9.1] AndroidManifest.xml:133:13-78
194            android:directBootAware="false"
194-->[androidx.work:work-runtime:2.9.1] AndroidManifest.xml:134:13-44
195            android:enabled="true"
195-->[androidx.work:work-runtime:2.9.1] AndroidManifest.xml:135:13-35
196            android:exported="true"
196-->[androidx.work:work-runtime:2.9.1] AndroidManifest.xml:136:13-36
197            android:permission="android.permission.DUMP" >
197-->[androidx.work:work-runtime:2.9.1] AndroidManifest.xml:137:13-57
198            <intent-filter>
198-->[androidx.work:work-runtime:2.9.1] AndroidManifest.xml:139:13-141:29
199                <action android:name="androidx.work.diagnostics.REQUEST_DIAGNOSTICS" />
199-->[androidx.work:work-runtime:2.9.1] AndroidManifest.xml:140:17-88
199-->[androidx.work:work-runtime:2.9.1] AndroidManifest.xml:140:25-85
200            </intent-filter>
201        </receiver>
202
203        <service
203-->[com.google.android.gms:play-services-mlkit-barcode-scanning:18.3.1] AndroidManifest.xml:9:9-15:19
204            android:name="com.google.mlkit.common.internal.MlKitComponentDiscoveryService"
204-->[com.google.android.gms:play-services-mlkit-barcode-scanning:18.3.1] AndroidManifest.xml:10:13-91
205            android:directBootAware="true"
205-->[com.google.mlkit:common:18.11.0] AndroidManifest.xml:17:13-43
206            android:exported="false" >
206-->[com.google.android.gms:play-services-mlkit-barcode-scanning:18.3.1] AndroidManifest.xml:11:13-37
207            <meta-data
207-->[com.google.android.gms:play-services-mlkit-barcode-scanning:18.3.1] AndroidManifest.xml:12:13-14:85
208                android:name="com.google.firebase.components:com.google.mlkit.vision.barcode.internal.BarcodeRegistrar"
208-->[com.google.android.gms:play-services-mlkit-barcode-scanning:18.3.1] AndroidManifest.xml:13:17-120
209                android:value="com.google.firebase.components.ComponentRegistrar" />
209-->[com.google.android.gms:play-services-mlkit-barcode-scanning:18.3.1] AndroidManifest.xml:14:17-82
210            <meta-data
210-->[com.google.mlkit:vision-common:17.3.0] AndroidManifest.xml:12:13-14:85
211                android:name="com.google.firebase.components:com.google.mlkit.vision.common.internal.VisionCommonRegistrar"
211-->[com.google.mlkit:vision-common:17.3.0] AndroidManifest.xml:13:17-124
212                android:value="com.google.firebase.components.ComponentRegistrar" />
212-->[com.google.mlkit:vision-common:17.3.0] AndroidManifest.xml:14:17-82
213            <meta-data
213-->[com.google.mlkit:common:18.11.0] AndroidManifest.xml:20:13-22:85
214                android:name="com.google.firebase.components:com.google.mlkit.common.internal.CommonComponentRegistrar"
214-->[com.google.mlkit:common:18.11.0] AndroidManifest.xml:21:17-120
215                android:value="com.google.firebase.components.ComponentRegistrar" />
215-->[com.google.mlkit:common:18.11.0] AndroidManifest.xml:22:17-82
216        </service>
217
218        <provider
218-->[com.google.mlkit:common:18.11.0] AndroidManifest.xml:9:9-13:38
219            android:name="com.google.mlkit.common.internal.MlKitInitProvider"
219-->[com.google.mlkit:common:18.11.0] AndroidManifest.xml:10:13-78
220            android:authorities="cl.nexo.empresas.mlkitinitprovider"
220-->[com.google.mlkit:common:18.11.0] AndroidManifest.xml:11:13-69
221            android:exported="false"
221-->[com.google.mlkit:common:18.11.0] AndroidManifest.xml:12:13-37
222            android:initOrder="99" />
222-->[com.google.mlkit:common:18.11.0] AndroidManifest.xml:13:13-35
223
224        <service
224-->[com.google.firebase:firebase-messaging-ktx:24.1.0] AndroidManifest.xml:23:9-29:19
225            android:name="com.google.firebase.components.ComponentDiscoveryService"
225-->[com.google.firebase:firebase-messaging-ktx:24.1.0] AndroidManifest.xml:24:13-84
226            android:directBootAware="true"
226-->[com.google.firebase:firebase-common:21.0.0] AndroidManifest.xml:32:13-43
227            android:exported="false" >
227-->[com.google.firebase:firebase-messaging-ktx:24.1.0] AndroidManifest.xml:25:13-37
228            <meta-data
228-->[com.google.firebase:firebase-messaging-ktx:24.1.0] AndroidManifest.xml:26:13-28:85
229                android:name="com.google.firebase.components:com.google.firebase.messaging.ktx.FirebaseMessagingLegacyRegistrar"
229-->[com.google.firebase:firebase-messaging-ktx:24.1.0] AndroidManifest.xml:27:17-129
230                android:value="com.google.firebase.components.ComponentRegistrar" />
230-->[com.google.firebase:firebase-messaging-ktx:24.1.0] AndroidManifest.xml:28:17-82
231            <meta-data
231-->[com.google.firebase:firebase-messaging:24.1.0] AndroidManifest.xml:57:13-59:85
232                android:name="com.google.firebase.components:com.google.firebase.messaging.FirebaseMessagingKtxRegistrar"
232-->[com.google.firebase:firebase-messaging:24.1.0] AndroidManifest.xml:58:17-122
233                android:value="com.google.firebase.components.ComponentRegistrar" />
233-->[com.google.firebase:firebase-messaging:24.1.0] AndroidManifest.xml:59:17-82
234            <meta-data
234-->[com.google.firebase:firebase-messaging:24.1.0] AndroidManifest.xml:60:13-62:85
235                android:name="com.google.firebase.components:com.google.firebase.messaging.FirebaseMessagingRegistrar"
235-->[com.google.firebase:firebase-messaging:24.1.0] AndroidManifest.xml:61:17-119
236                android:value="com.google.firebase.components.ComponentRegistrar" />
236-->[com.google.firebase:firebase-messaging:24.1.0] AndroidManifest.xml:62:17-82
237            <meta-data
237-->[com.google.firebase:firebase-installations:18.0.0] AndroidManifest.xml:15:13-17:85
238                android:name="com.google.firebase.components:com.google.firebase.installations.FirebaseInstallationsKtxRegistrar"
238-->[com.google.firebase:firebase-installations:18.0.0] AndroidManifest.xml:16:17-130
239                android:value="com.google.firebase.components.ComponentRegistrar" />
239-->[com.google.firebase:firebase-installations:18.0.0] AndroidManifest.xml:17:17-82
240            <meta-data
240-->[com.google.firebase:firebase-installations:18.0.0] AndroidManifest.xml:18:13-20:85
241                android:name="com.google.firebase.components:com.google.firebase.installations.FirebaseInstallationsRegistrar"
241-->[com.google.firebase:firebase-installations:18.0.0] AndroidManifest.xml:19:17-127
242                android:value="com.google.firebase.components.ComponentRegistrar" />
242-->[com.google.firebase:firebase-installations:18.0.0] AndroidManifest.xml:20:17-82
243            <meta-data
243-->[com.google.firebase:firebase-common-ktx:21.0.0] AndroidManifest.xml:12:13-14:85
244                android:name="com.google.firebase.components:com.google.firebase.ktx.FirebaseCommonLegacyRegistrar"
244-->[com.google.firebase:firebase-common-ktx:21.0.0] AndroidManifest.xml:13:17-116
245                android:value="com.google.firebase.components.ComponentRegistrar" />
245-->[com.google.firebase:firebase-common-ktx:21.0.0] AndroidManifest.xml:14:17-82
246            <meta-data
246-->[com.google.firebase:firebase-common:21.0.0] AndroidManifest.xml:35:13-37:85
247                android:name="com.google.firebase.components:com.google.firebase.FirebaseCommonKtxRegistrar"
247-->[com.google.firebase:firebase-common:21.0.0] AndroidManifest.xml:36:17-109
248                android:value="com.google.firebase.components.ComponentRegistrar" />
248-->[com.google.firebase:firebase-common:21.0.0] AndroidManifest.xml:37:17-82
249            <meta-data
249-->[com.google.firebase:firebase-datatransport:18.2.0] AndroidManifest.xml:25:13-27:85
250                android:name="com.google.firebase.components:com.google.firebase.datatransport.TransportRegistrar"
250-->[com.google.firebase:firebase-datatransport:18.2.0] AndroidManifest.xml:26:17-115
251                android:value="com.google.firebase.components.ComponentRegistrar" />
251-->[com.google.firebase:firebase-datatransport:18.2.0] AndroidManifest.xml:27:17-82
252        </service>
253
254        <receiver
254-->[com.google.firebase:firebase-messaging:24.1.0] AndroidManifest.xml:29:9-40:20
255            android:name="com.google.firebase.iid.FirebaseInstanceIdReceiver"
255-->[com.google.firebase:firebase-messaging:24.1.0] AndroidManifest.xml:30:13-78
256            android:exported="true"
256-->[com.google.firebase:firebase-messaging:24.1.0] AndroidManifest.xml:31:13-36
257            android:permission="com.google.android.c2dm.permission.SEND" >
257-->[com.google.firebase:firebase-messaging:24.1.0] AndroidManifest.xml:32:13-73
258            <intent-filter>
258-->[com.google.firebase:firebase-messaging:24.1.0] AndroidManifest.xml:33:13-35:29
259                <action android:name="com.google.android.c2dm.intent.RECEIVE" />
259-->[com.google.firebase:firebase-messaging:24.1.0] AndroidManifest.xml:34:17-81
259-->[com.google.firebase:firebase-messaging:24.1.0] AndroidManifest.xml:34:25-78
260            </intent-filter>
261
262            <meta-data
262-->[com.google.firebase:firebase-messaging:24.1.0] AndroidManifest.xml:37:13-39:40
263                android:name="com.google.android.gms.cloudmessaging.FINISHED_AFTER_HANDLED"
263-->[com.google.firebase:firebase-messaging:24.1.0] AndroidManifest.xml:38:17-92
264                android:value="true" />
264-->[com.google.firebase:firebase-messaging:24.1.0] AndroidManifest.xml:39:17-37
265        </receiver>
266        <!--
267             FirebaseMessagingService performs security checks at runtime,
268             but set to not exported to explicitly avoid allowing another app to call it.
269        -->
270        <service
270-->[com.google.firebase:firebase-messaging:24.1.0] AndroidManifest.xml:46:9-53:19